::1 - - [07/Nov/2025:20:32:24 +0530] "POST /phpproj/ABC%20MEDICOS/admin/add-customer.php HTTP/1.1" 200 72
::1 - - [07/Nov/2025:20:32:24 +0530] "POST /phpproj/ABC%20MEDICOS/admin/add-customer.php HTTP/1.1" 200 72
::1 - - [07/Nov/2025:20:32:27 +0530] "POST /phpproj/ABC%20MEDICOS/admin/add-customer.php HTTP/1.1" 200 72
::1 - - [07/Nov/2025:20:32:28 +0530] "POST /phpproj/ABC%20MEDICOS/admin/add-customer.php HTTP/1.1" 200 72
::1 - - [07/Nov/2025:20:32:28 +0530] "POST /phpproj/ABC%20MEDICOS/admin/add-customer.php HTTP/1.1" 200 72
::1 - - [07/Nov/2025:20:32:28 +0530] "POST /phpproj/ABC%20MEDICOS/admin/add-customer.php HTTP/1.1" 200 72
::1 - - [07/Nov/2025:20:32:28 +0530] "POST /phpproj/ABC%20MEDICOS/admin/add-customer.php HTTP/1.1" 200 72
::1 - - [07/Nov/2025:20:32:28 +0530] "POST /phpproj/ABC%20MEDICOS/admin/add-customer.php HTTP/1.1" 200 72
::1 - - [07/Nov/2025:20:32:29 +0530] "POST /phpproj/ABC%20MEDICOS/admin/add-customer.php HTTP/1.1" 200 72
::1 - - [07/Nov/2025:20:32:29 +0530] "POST /phpproj/ABC%20MEDICOS/admin/add-customer.php HTTP/1.1" 200 72
::1 - - [07/Nov/2025:20:32:29 +0530] "POST /phpproj/ABC%20MEDICOS/admin/add-customer.php HTTP/1.1" 200 72
::1 - - [07/Nov/2025:20:34:49 +0530] "POST /phpproj/ABC%20MEDICOS/admin/add-customer.php HTTP/1.1" 200 63
::1 - - [07/Nov/2025:20:34:53 +0530] "GET /phpProj/ABC%20MEDICOS/admin.html HTTP/1.1" 304 -
::1 - - [07/Nov/2025:20:34:53 +0530] "GET /phpproj/ABC%20MEDICOS/admin/dashboard-stats.php HTTP/1.1" 200 168
::1 - - [07/Nov/2025:20:34:53 +0530] "GET /phpproj/ABC%20MEDICOS/admin/view-medicines.php HTTP/1.1" 200 45
::1 - - [07/Nov/2025:20:34:53 +0530] "GET /phpproj/ABC%20MEDICOS/admin/view-customer-messages.php HTTP/1.1" 200 30
::1 - - [07/Nov/2025:20:34:53 +0530] "GET /phpproj/ABC%20MEDICOS/admin/view-orders.php HTTP/1.1" 200 30
::1 - - [07/Nov/2025:20:34:53 +0530] "GET /phpproj/ABC%20MEDICOS/admin/view-medicine-ratings.php HTTP/1.1" 200 224
::1 - - [07/Nov/2025:20:34:53 +0530] "GET /phpproj/ABC%20MEDICOS/admin/view-announcements.php HTTP/1.1" 200 160
::1 - - [07/Nov/2025:20:34:53 +0530] "GET /phpproj/ABC%20MEDICOS/admin/view-customers.php HTTP/1.1" 200 30
::1 - - [07/Nov/2025:20:34:53 +0530] "GET /phpproj/ABC%20MEDICOS/admin/view-prescriptions.php HTTP/1.1" 200 40
::1 - - [07/Nov/2025:20:34:53 +0530] "GET /phpproj/ABC%20MEDICOS/admin/low-stock-alerts.php HTTP/1.1" 200 168
::1 - - [07/Nov/2025:20:34:53 +0530] "GET /phpproj/ABC%20MEDICOS/admin/view-ads.php HTTP/1.1" 200 585
::1 - - [07/Nov/2025:20:34:53 +0530] "GET /phpproj/ABC%20MEDICOS/admin/view-return-requests.php HTTP/1.1" 200 201
::1 - - [07/Nov/2025:20:34:53 +0530] "GET /phpproj/ABC%20MEDICOS/admin/recent-orders.php?limit=5 HTTP/1.1" 200 61
::1 - - [07/Nov/2025:20:35:03 +0530] "POST /phpproj/ABC%20MEDICOS/admin/add-customer.php HTTP/1.1" 200 90
::1 - - [07/Nov/2025:20:35:05 +0530] "POST /phpproj/ABC%20MEDICOS/admin/add-customer.php HTTP/1.1" 200 90
::1 - - [07/Nov/2025:20:35:05 +0530] "POST /phpproj/ABC%20MEDICOS/admin/add-customer.php HTTP/1.1" 200 90
::1 - - [07/Nov/2025:20:35:05 +0530] "POST /phpproj/ABC%20MEDICOS/admin/add-customer.php HTTP/1.1" 200 90
::1 - - [07/Nov/2025:20:35:06 +0530] "POST /phpproj/ABC%20MEDICOS/admin/add-customer.php HTTP/1.1" 200 90
::1 - - [07/Nov/2025:20:35:09 +0530] "POST /phpproj/ABC%20MEDICOS/admin/add-customer.php HTTP/1.1" 200 63
::1 - - [07/Nov/2025:20:35:10 +0530] "POST /phpproj/ABC%20MEDICOS/admin/add-customer.php HTTP/1.1" 200 63
::1 - - [07/Nov/2025:20:35:11 +0530] "POST /phpproj/ABC%20MEDICOS/admin/add-customer.php HTTP/1.1" 200 63
::1 - - [07/Nov/2025:20:35:14 +0530] "POST /phpproj/ABC%20MEDICOS/admin/add-customer.php HTTP/1.1" 200 63
::1 - - [07/Nov/2025:20:35:14 +0530] "POST /phpproj/ABC%20MEDICOS/admin/add-customer.php HTTP/1.1" 200 63
::1 - - [07/Nov/2025:20:35:14 +0530] "POST /phpproj/ABC%20MEDICOS/admin/add-customer.php HTTP/1.1" 200 63
::1 - - [07/Nov/2025:20:35:15 +0530] "POST /phpproj/ABC%20MEDICOS/admin/add-customer.php HTTP/1.1" 200 63
::1 - - [07/Nov/2025:20:35:15 +0530] "POST /phpproj/ABC%20MEDICOS/admin/add-customer.php HTTP/1.1" 200 63
::1 - - [07/Nov/2025:20:35:15 +0530] "POST /phpproj/ABC%20MEDICOS/admin/add-customer.php HTTP/1.1" 200 63
::1 - - [07/Nov/2025:20:35:15 +0530] "POST /phpproj/ABC%20MEDICOS/admin/add-customer.php HTTP/1.1" 200 63
::1 - - [07/Nov/2025:20:35:15 +0530] "POST /phpproj/ABC%20MEDICOS/admin/add-customer.php HTTP/1.1" 200 63
::1 - - [07/Nov/2025:20:35:16 +0530] "POST /phpproj/ABC%20MEDICOS/admin/add-customer.php HTTP/1.1" 200 63
::1 - - [07/Nov/2025:20:35:16 +0530] "POST /phpproj/ABC%20MEDICOS/admin/add-customer.php HTTP/1.1" 200 63
::1 - - [07/Nov/2025:20:35:16 +0530] "POST /phpproj/ABC%20MEDICOS/admin/add-customer.php HTTP/1.1" 200 63
::1 - - [07/Nov/2025:20:35:16 +0530] "POST /phpproj/ABC%20MEDICOS/admin/add-customer.php HTTP/1.1" 200 63
::1 - - [07/Nov/2025:20:35:17 +0530] "POST /phpproj/ABC%20MEDICOS/admin/add-customer.php HTTP/1.1" 200 63
::1 - - [07/Nov/2025:20:35:17 +0530] "POST /phpproj/ABC%20MEDICOS/admin/add-customer.php HTTP/1.1" 200 63
::1 - - [07/Nov/2025:20:35:53 +0530] "POST /phpproj/ABC%20MEDICOS/admin/add-customer.php HTTP/1.1" 200 63
::1 - - [08/Nov/2025:13:30:16 +0530] "GET /phpmyadmin/ HTTP/1.1" 200 4533
::1 - - [08/Nov/2025:13:30:16 +0530] "GET /phpmyadmin/js/messages.php?l=en_GB&v=5.2.1 HTTP/1.1" 200 7902
::1 - - [08/Nov/2025:13:30:20 +0530] "POST /phpmyadmin/index.php?route=/ HTTP/1.1" 302 20
::1 - - [08/Nov/2025:13:30:20 +0530] "GET /phpmyadmin/index.php?route=/&route=%2F HTTP/1.1" 200 16655
::1 - - [08/Nov/2025:13:30:20 +0530] "POST /phpmyadmin/index.php?route=/config/get HTTP/1.1" 200 1475
::1 - - [08/Nov/2025:13:30:20 +0530] "POST /phpmyadmin/index.php?route=/navigation&ajax_request=1 HTTP/1.1" 200 2026
::1 - - [08/Nov/2025:13:30:20 +0530] "POST /phpmyadmin/index.php?route=/config/get HTTP/1.1" 200 1566
::1 - - [08/Nov/2025:13:30:20 +0530] "POST /phpmyadmin/index.php?route=/version-check HTTP/1.1" 200 64
::1 - - [08/Nov/2025:13:30:21 +0530] "POST /phpmyadmin/index.php?route=/navigation&ajax_request=1 HTTP/1.1" 200 2268
::1 - - [08/Nov/2025:13:30:21 +0530] "POST /phpmyadmin/index.php?route=/config/set HTTP/1.1" 200 1466
::1 - - [08/Nov/2025:13:30:23 +0530] "GET /phpmyadmin/index.php?route=/sql&pos=0&db=abc_medicos&table=users&ajax_request=true&ajax_page_request=true&_nocache=1762588823927944238&token=5857304a42233a443e285d5c5a766a38 HTTP/1.1" 200 8978
::1 - - [08/Nov/2025:13:30:24 +0530] "GET /phpmyadmin/index.php?route=/recent-table&ajax_request=1&recent_table=1&no_debug=true&_nocache=1762588824141384815&token=5857304a42233a443e285d5c5a766a38 HTTP/1.1" 200 1524
::1 - - [08/Nov/2025:13:30:28 +0530] "GET /phpmyadmin/ HTTP/1.1" 200 16691
::1 - - [08/Nov/2025:13:30:28 +0530] "POST /phpmyadmin/index.php?route=/config/get HTTP/1.1" 200 1477
::1 - - [08/Nov/2025:13:30:28 +0530] "POST /phpmyadmin/index.php?route=/navigation&ajax_request=1 HTTP/1.1" 200 2719
::1 - - [08/Nov/2025:13:30:28 +0530] "POST /phpmyadmin/index.php?route=/config/get HTTP/1.1" 200 1567
::1 - - [08/Nov/2025:13:30:28 +0530] "POST /phpmyadmin/index.php?route=/version-check HTTP/1.1" 200 64
::1 - - [08/Nov/2025:13:30:29 +0530] "POST /phpmyadmin/index.php?route=/config/set HTTP/1.1" 200 1469
::1 - - [08/Nov/2025:13:30:55 +0530] "GET /phpProj/ABC%20MEDICOS/index.html HTTP/1.1" 200 142253
::1 - - [08/Nov/2025:13:30:55 +0530] "GET /phpProj/ABC%20MEDICOS/assets/logo.png HTTP/1.1" 200 85104
::1 - - [08/Nov/2025:13:30:55 +0530] "GET /phpproj/ABC%20MEDICOS/customers/get-medicines.php HTTP/1.1" 200 35
::1 - - [08/Nov/2025:13:30:55 +0530] "GET /phpproj/ABC%20MEDICOS/customers/get-announcements.php HTTP/1.1" 200 184
::1 - - [08/Nov/2025:13:30:55 +0530] "GET /phpproj/ABC%20MEDICOS/customers/get-ads.php HTTP/1.1" 200 563
::1 - - [08/Nov/2025:13:30:55 +0530] "GET /phpproj/ABC%20MEDICOS/uploads/ads/1762273284_690a28043e084.png HTTP/1.1" 304 -
::1 - - [08/Nov/2025:13:30:55 +0530] "GET /phpproj/ABC%20MEDICOS/uploads/ads/1762273395_690a2873af4e6.png HTTP/1.1" 304 -
::1 - - [08/Nov/2025:13:30:55 +0530] "GET /phpproj/ABC%20MEDICOS/uploads/ads/1762273410_690a28825dae6.png HTTP/1.1" 304 -
::1 - - [08/Nov/2025:13:31:06 +0530] "POST /phpproj/ABC%20MEDICOS/admin/admin-login.php HTTP/1.1" 200 47
::1 - - [08/Nov/2025:13:31:55 +0530] "POST /phpproj/ABC%20MEDICOS/admin/admin-login.php HTTP/1.1" 200 107
::1 - - [08/Nov/2025:13:32:05 +0530] "POST /phpproj/ABC%20MEDICOS/admin/verify-admin-otp.php HTTP/1.1" 200 145
::1 - - [08/Nov/2025:13:32:07 +0530] "GET /phpProj/ABC%20MEDICOS/admin.html HTTP/1.1" 200 139584
::1 - - [08/Nov/2025:13:32:07 +0530] "GET /phpproj/ABC%20MEDICOS/admin/view-medicines.php HTTP/1.1" 200 45
::1 - - [08/Nov/2025:13:32:07 +0530] "GET /phpproj/ABC%20MEDICOS/admin/dashboard-stats.php HTTP/1.1" 200 168
::1 - - [08/Nov/2025:13:32:07 +0530] "GET /phpproj/ABC%20MEDICOS/admin/view-customer-messages.php HTTP/1.1" 200 30
::1 - - [08/Nov/2025:13:32:07 +0530] "GET /phpproj/ABC%20MEDICOS/admin/view-orders.php HTTP/1.1" 200 30
::1 - - [08/Nov/2025:13:32:07 +0530] "GET /phpproj/ABC%20MEDICOS/admin/view-customers.php HTTP/1.1" 200 30
::1 - - [08/Nov/2025:13:32:07 +0530] "GET /phpproj/ABC%20MEDICOS/admin/view-ads.php HTTP/1.1" 200 585
::1 - - [08/Nov/2025:13:32:07 +0530] "GET /phpproj/ABC%20MEDICOS/admin/view-announcements.php HTTP/1.1" 200 160
::1 - - [08/Nov/2025:13:32:07 +0530] "GET /phpproj/ABC%20MEDICOS/admin/view-prescriptions.php HTTP/1.1" 200 40
::1 - - [08/Nov/2025:13:32:07 +0530] "GET /phpproj/ABC%20MEDICOS/admin/view-medicine-ratings.php HTTP/1.1" 200 224
::1 - - [08/Nov/2025:13:32:07 +0530] "GET /phpproj/ABC%20MEDICOS/admin/low-stock-alerts.php HTTP/1.1" 200 168
::1 - - [08/Nov/2025:13:32:07 +0530] "GET /phpproj/ABC%20MEDICOS/admin/view-return-requests.php HTTP/1.1" 200 201
::1 - - [08/Nov/2025:13:32:07 +0530] "GET /phpproj/ABC%20MEDICOS/admin/recent-orders.php?limit=5 HTTP/1.1" 200 61
::1 - - [08/Nov/2025:13:32:16 +0530] "POST /phpproj/ABC%20MEDICOS/admin/add-customer.php HTTP/1.1" 200 52
::1 - - [08/Nov/2025:13:32:21 +0530] "POST /phpproj/ABC%20MEDICOS/admin/add-customer.php HTTP/1.1" 200 90
::1 - - [08/Nov/2025:13:32:27 +0530] "POST /phpproj/ABC%20MEDICOS/admin/add-customer.php HTTP/1.1" 200 63
::1 - - [08/Nov/2025:13:32:28 +0530] "POST /phpproj/ABC%20MEDICOS/admin/add-customer.php HTTP/1.1" 200 63
::1 - - [08/Nov/2025:13:32:28 +0530] "POST /phpproj/ABC%20MEDICOS/admin/add-customer.php HTTP/1.1" 200 63
::1 - - [08/Nov/2025:13:32:38 +0530] "GET /phpmyadmin/index.php?route=/sql&pos=0&db=abc_medicos&table=users HTTP/1.1" 200 16784
::1 - - [08/Nov/2025:13:32:38 +0530] "POST /phpmyadmin/index.php?route=/config/get HTTP/1.1" 200 1477
::1 - - [08/Nov/2025:13:32:38 +0530] "POST /phpmyadmin/index.php?route=/navigation&ajax_request=1 HTTP/1.1" 200 2719
::1 - - [08/Nov/2025:13:32:38 +0530] "GET /phpmyadmin/index.php?route=/recent-table&ajax_request=1&recent_table=1&no_debug=true&_nocache=1762588958792840589&token=5857304a42233a443e285d5c5a766a38 HTTP/1.1" 200 1524
::1 - - [08/Nov/2025:13:32:38 +0530] "POST /phpmyadmin/index.php?route=/config/get HTTP/1.1" 200 1567
::1 - - [08/Nov/2025:13:32:39 +0530] "POST /phpmyadmin/index.php?route=/config/set HTTP/1.1" 200 1469
