--- File cleaned up by Wampserver installation or update ---
2025-11-04 17:59:40 0 [Note] Starting MariaDB 11.5.2-MariaDB source revision ea75a0b6009b0251e83193cd38c3974e36b65e06 server_uid CtijKZY0kctWwQwwtLbfr8AgDuE= as process 18260
2025-11-04 17:59:40 0 [Warning] --innodb-file-per-table is deprecated and will be removed in a future release
2025-11-04 17:59:40 0 [Warning] --innodb-flush-method is deprecated and will be removed in a future release
2025-11-04 17:59:40 0 [Note] InnoDB: Compressed tables use zlib 1.3.1
2025-11-04 17:59:40 0 [Note] InnoDB: Number of transaction pools: 1
2025-11-04 17:59:40 0 [Note] InnoDB: Using crc32 + pclmulqdq instructions
2025-11-04 17:59:40 0 [Note] InnoDB: Initializing buffer pool, total size = 256.000MiB, chunk size = 4.000MiB
2025-11-04 17:59:40 0 [Note] InnoDB: Completed initialization of buffer pool
2025-11-04 17:59:40 0 [Note] InnoDB: File system buffers for log disabled (block size=4096 bytes)
2025-11-04 17:59:40 0 [Note] InnoDB: End of log at LSN=47763
2025-11-04 17:59:40 0 [Note] InnoDB: Resizing redo log from 96.000MiB to 20.000MiB; LSN=47763
2025-11-04 17:59:40 0 [Note] InnoDB: File system buffers for log disabled (block size=4096 bytes)
2025-11-04 17:59:40 0 [Note] InnoDB: Opened 3 undo tablespaces
2025-11-04 17:59:40 0 [Note] InnoDB: 128 rollback segments in 3 undo tablespaces are active.
2025-11-04 17:59:40 0 [Note] InnoDB: Setting file './ibtmp1' size to 12.000MiB. Physically writing the file full; Please wait ...
2025-11-04 17:59:40 0 [Note] InnoDB: File './ibtmp1' size is now 12.000MiB.
2025-11-04 17:59:40 0 [Note] InnoDB: log sequence number 47763; transaction id 14
2025-11-04 17:59:40 0 [Note] Plugin 'FEEDBACK' is disabled.
2025-11-04 17:59:40 0 [Note] mysqld.exe: SSPI: using principal name 'localhost', mech 'Negotiate'
2025-11-04 17:59:40 0 [Note] Server socket created on IP: '::'.
2025-11-04 17:59:40 0 [Note] Server socket created on IP: '0.0.0.0'.
2025-11-04 17:59:40 0 [Note] mysqld.exe: Event Scheduler: Loaded 0 events
2025-11-04 17:59:40 0 [Note] c:\wamp64\bin\mariadb\mariadb11.5.2\bin\mysqld.exe: ready for connections.
Version: '11.5.2-MariaDB'  socket: ''  port: 3307  mariadb.org binary distribution
2025-11-04 20:16:58 0 [Note] Windows service "wampmariadb64":  received SERVICE_CONTROL_SHUTDOWN
2025-11-04 20:16:58 0 [Note] c:\wamp64\bin\mariadb\mariadb11.5.2\bin\mysqld.exe (initiated by: unknown): Normal shutdown
2025-11-04 20:16:58 0 [Note] InnoDB: FTS optimize thread exiting.
2025-11-04 20:16:58 0 [Note] InnoDB: Starting shutdown...
2025-11-04 20:16:58 0 [Note] InnoDB: Removed temporary tablespace data file: "./ibtmp1"
2025-11-04 20:16:58 0 [Note] InnoDB: Shutdown completed; log sequence number 47779; transaction id 15
2025-11-04 20:16:58 0 [Note] c:\wamp64\bin\mariadb\mariadb11.5.2\bin\mysqld.exe: Shutdown complete

2025-11-06 15:52:10 0 [Note] Starting MariaDB 11.5.2-MariaDB source revision ea75a0b6009b0251e83193cd38c3974e36b65e06 server_uid CtijKZY0kctWwQwwtLbfr8AgDuE= as process 12348
2025-11-06 15:52:11 0 [Warning] --innodb-file-per-table is deprecated and will be removed in a future release
2025-11-06 15:52:11 0 [Warning] --innodb-flush-method is deprecated and will be removed in a future release
2025-11-06 15:52:11 0 [Note] InnoDB: Compressed tables use zlib 1.3.1
2025-11-06 15:52:11 0 [Note] InnoDB: Number of transaction pools: 1
2025-11-06 15:52:11 0 [Note] InnoDB: Using crc32 + pclmulqdq instructions
2025-11-06 15:52:11 0 [Note] InnoDB: Initializing buffer pool, total size = 256.000MiB, chunk size = 4.000MiB
2025-11-06 15:52:11 0 [Note] InnoDB: Completed initialization of buffer pool
2025-11-06 15:52:11 0 [Note] InnoDB: File system buffers for log disabled (block size=4096 bytes)
2025-11-06 15:52:11 0 [Note] InnoDB: End of log at LSN=47779
2025-11-06 15:52:11 0 [Note] InnoDB: Opened 3 undo tablespaces
2025-11-06 15:52:11 0 [Note] InnoDB: 128 rollback segments in 3 undo tablespaces are active.
2025-11-06 15:52:11 0 [Note] InnoDB: Setting file './ibtmp1' size to 12.000MiB. Physically writing the file full; Please wait ...
2025-11-06 15:52:11 0 [Note] InnoDB: File './ibtmp1' size is now 12.000MiB.
2025-11-06 15:52:11 0 [Note] InnoDB: log sequence number 47779; transaction id 14
2025-11-06 15:52:11 0 [Note] Plugin 'FEEDBACK' is disabled.
2025-11-06 15:52:11 0 [Note] mysqld.exe: SSPI: using principal name 'localhost', mech 'Negotiate'
2025-11-06 15:52:11 0 [Note] Server socket created on IP: '::'.
2025-11-06 15:52:11 0 [Note] Server socket created on IP: '0.0.0.0'.
2025-11-06 15:52:11 0 [Note] mysqld.exe: Event Scheduler: Loaded 0 events
2025-11-06 15:52:11 0 [Note] c:\wamp64\bin\mariadb\mariadb11.5.2\bin\mysqld.exe: ready for connections.
Version: '11.5.2-MariaDB'  socket: ''  port: 3307  mariadb.org binary distribution
